[http-nio-8081-exec-1] 03:10:310 DispatcherServlet: GET "/cars", parameters={}
[http-nio-8081-exec-1] 03:10:310 RequestMappingHandlerMapping: Mapped to me.zeroest.spring.reactive.car.location.controller.CarLocationController#getCarStream()
[http-nio-8081-exec-1] 03:10:310 481: onSubscribe(FluxUsingWhen.UsingWhenSubscriber)
[http-nio-8081-exec-1] 03:10:310 481: request(1)
[http-nio-8081-exec-1] 03:10:310 WebAsyncManager: Started async request
[http-nio-8081-exec-1] 03:10:310 DispatcherServlet: Exiting but response remains open for further handling
[nioEventLoopGroup-2-11] 03:10:310 481: onNext(Car(id=1, location=Location(longitude=40.740976, latitude=-73.988004)))
[task-33] 03:10:310 481: request(1)
[task-33] 03:10:310 481: onNext(Car(id=4, location=Location(longitude=40.740836, latitude=-73.987992)))
[task-34] 03:10:310 481: request(1)
[nioEventLoopGroup-2-11] 03:10:310 481: onNext(Car(id=5, location=Location(longitude=40.740840, latitude=-73.988048)))
[task-35] 03:10:310 481: request(1)
[task-35] 03:10:310 481: onNext(Car(id=6, location=Location(longitude=40.740888, latitude=-73.988040)))
[task-36] 03:10:310 481: request(1)
[nioEventLoopGroup-2-11] 03:10:310 481: onNext(Car(id=7, location=Location(longitude=40.740932, latitude=-73.988052)))
[task-37] 03:10:310 481: request(1)
[task-37] 03:10:310 481: onNext(Car(id=8, location=Location(longitude=40.740900, latitude=-73.988008)))
[task-38] 03:10:310 481: request(1)
[nioEventLoopGroup-2-11] 03:10:310 481: onNext(Car(id=9, location=Location(longitude=40.740816, latitude=-73.988044)))
[task-39] 03:10:310 481: request(1)
[task-39] 03:10:310 481: onNext(Car(id=10, location=Location(longitude=40.740908, latitude=-73.987996)))
[task-40] 03:10:310 481: request(1)
[nioEventLoopGroup-2-11] 03:10:310 481: onNext(Car(id=3, location=Location(longitude=40.740836, latitude=-73.987920)))
[task-33] 03:10:310 481: request(1)
[task-33] 03:10:310 481: onNext(Car(id=2, location=Location(longitude=40.740828, latitude=-73.987972)))
[task-33] 03:10:310 481: request(1)
[nioEventLoopGroup-2-11] 03:10:310 481: onNext(Car(id=13, location=Location(longitude=40.740928, latitude=-73.988036)))
[task-35] 03:10:310 481: request(1)
[task-35] 03:10:310 481: onNext(Car(id=14, location=Location(longitude=40.740860, latitude=-73.988060)))
[task-35] 03:10:310 481: request(1)
[nioEventLoopGroup-2-11] 03:10:310 481: onNext(Car(id=15, location=Location(longitude=40.740832, latitude=-73.988060)))
[task-37] 03:10:310 481: request(1)
[task-37] 03:10:310 481: onNext(Car(id=16, location=Location(longitude=40.740856, latitude=-73.988032)))
[task-37] 03:10:310 481: request(1)
[nioEventLoopGroup-2-11] 03:10:310 481: onNext(Car(id=17, location=Location(longitude=40.740808, latitude=-73.988044)))
[task-39] 03:10:310 481: request(1)
[task-39] 03:10:310 481: onNext(Car(id=18, location=Location(longitude=40.740988, latitude=-73.987976)))
[task-39] 03:10:310 481: request(1)
[nioEventLoopGroup-2-11] 03:10:310 481: onNext(Car(id=19, location=Location(longitude=40.740900, latitude=-73.987952)))
[task-34] 03:10:310 481: request(1)
[task-34] 03:10:310 481: onNext(Car(id=20, location=Location(longitude=40.740900, latitude=-73.988048)))
[task-34] 03:10:310 481: request(1)
[nioEventLoopGroup-2-11] 03:10:310 481: onNext(Car(id=21, location=Location(longitude=40.740884, latitude=-73.988020)))
[task-36] 03:10:310 481: request(1)
[task-36] 03:10:310 481: onNext(Car(id=22, location=Location(longitude=40.740900, latitude=-73.987932)))
[task-36] 03:10:310 481: request(1)
[nioEventLoopGroup-2-11] 03:10:310 481: onNext(Car(id=24, location=Location(longitude=40.740968, latitude=-73.987960)))
[task-38] 03:10:310 481: request(1)
[task-38] 03:10:310 481: onNext(Car(id=25, location=Location(longitude=40.740956, latitude=-73.988068)))
[task-38] 03:10:310 481: request(1)
[nioEventLoopGroup-2-11] 03:10:310 481: onNext(Car(id=23, location=Location(longitude=40.740820, latitude=-73.988000)))
[task-40] 03:10:310 481: request(1)
[task-40] 03:10:310 481: onNext(Car(id=26, location=Location(longitude=40.740924, latitude=-73.987980)))
[task-40] 03:10:310 481: request(1)
[nioEventLoopGroup-2-11] 03:10:310 481: onNext(Car(id=27, location=Location(longitude=40.740924, latitude=-73.987964)))
[task-33] 03:10:310 481: request(1)
[task-33] 03:10:310 481: onNext(Car(id=28, location=Location(longitude=40.740820, latitude=-73.988044)))
[task-33] 03:10:310 481: request(1)
[nioEventLoopGroup-2-11] 03:10:310 481: onNext(Car(id=29, location=Location(longitude=40.740920, latitude=-73.987992)))
[task-35] 03:10:310 481: request(1)
[task-35] 03:10:310 481: onNext(Car(id=30, location=Location(longitude=40.740964, latitude=-73.988016)))
[task-35] 03:10:310 481: request(1)
[nioEventLoopGroup-2-11] 03:10:310 481: onNext(Car(id=31, location=Location(longitude=40.740900, latitude=-73.987928)))
[task-37] 03:10:310 481: request(1)
[task-37] 03:10:310 481: onNext(Car(id=32, location=Location(longitude=40.740848, latitude=-73.988016)))
[task-37] 03:10:310 481: request(1)
[nioEventLoopGroup-2-11] 03:10:310 481: onNext(Car(id=33, location=Location(longitude=40.740816, latitude=-73.987960)))
[task-39] 03:10:310 481: request(1)
[task-39] 03:10:310 481: onNext(Car(id=34, location=Location(longitude=40.740908, latitude=-73.987992)))
[task-39] 03:10:310 481: request(1)
[nioEventLoopGroup-2-11] 03:10:310 481: onNext(Car(id=35, location=Location(longitude=40.740856, latitude=-73.987932)))
[task-34] 03:10:310 481: request(1)
[task-34] 03:10:310 481: onNext(Car(id=36, location=Location(longitude=40.740928, latitude=-73.988024)))
[task-34] 03:10:310 481: request(1)
[nioEventLoopGroup-2-11] 03:10:310 481: onNext(Car(id=37, location=Location(longitude=40.740860, latitude=-73.988032)))
[task-36] 03:10:310 481: request(1)
[task-36] 03:10:310 481: onNext(Car(id=38, location=Location(longitude=40.740876, latitude=-73.988004)))
[task-36] 03:10:310 481: request(1)
[nioEventLoopGroup-2-11] 03:10:310 481: onNext(Car(id=39, location=Location(longitude=40.740844, latitude=-73.988044)))
[task-37] 03:10:310 481: request(1)
[task-37] 03:10:310 481: onNext(Car(id=40, location=Location(longitude=40.740920, latitude=-73.988032)))
[task-37] 03:10:310 481: request(1)
[nioEventLoopGroup-2-11] 03:10:310 481: onNext(Car(id=41, location=Location(longitude=40.740884, latitude=-73.987912)))
[task-40] 03:10:310 481: request(1)
[task-40] 03:10:310 481: onNext(Car(id=42, location=Location(longitude=40.740916, latitude=-73.987996)))
[task-40] 03:10:310 481: request(1)
[nioEventLoopGroup-2-11] 03:10:310 481: onNext(Car(id=43, location=Location(longitude=40.740988, latitude=-73.987984)))
[task-33] 03:10:310 481: request(1)
[task-33] 03:10:310 481: onNext(Car(id=44, location=Location(longitude=40.740900, latitude=-73.987944)))
[task-33] 03:10:310 481: request(1)
[nioEventLoopGroup-2-11] 03:10:310 481: onNext(Car(id=46, location=Location(longitude=40.740984, latitude=-73.988088)))
[task-35] 03:10:310 481: request(1)
[task-35] 03:10:310 481: onNext(Car(id=45, location=Location(longitude=40.740972, latitude=-73.988056)))
[task-35] 03:10:310 481: request(1)
[nioEventLoopGroup-2-11] 03:10:310 481: onNext(Car(id=47, location=Location(longitude=40.740876, latitude=-73.987988)))
[task-38] 03:10:310 481: request(1)
[task-38] 03:10:310 481: onNext(Car(id=48, location=Location(longitude=40.740808, latitude=-73.987996)))
[task-38] 03:10:310 481: request(1)
[nioEventLoopGroup-2-11] 03:10:310 481: onNext(Car(id=49, location=Location(longitude=40.740976, latitude=-73.988040)))
[task-39] 03:10:310 481: request(1)
[task-39] 03:10:310 481: onNext(Car(id=50, location=Location(longitude=40.740936, latitude=-73.987924)))
[task-39] 03:10:310 481: request(1)
[nioEventLoopGroup-2-11] 03:10:310 481: onNext(Car(id=51, location=Location(longitude=40.740980, latitude=-73.988092)))
[task-34] 03:10:310 481: request(1)
[task-34] 03:10:310 481: onNext(Car(id=52, location=Location(longitude=40.740852, latitude=-73.988016)))
[task-34] 03:10:310 481: request(1)
[nioEventLoopGroup-2-11] 03:10:310 481: onNext(Car(id=53, location=Location(longitude=40.740988, latitude=-73.988008)))
[task-36] 03:10:310 481: request(1)
[task-36] 03:10:310 481: onNext(Car(id=54, location=Location(longitude=40.740976, latitude=-73.988048)))
[task-36] 03:10:310 481: request(1)
[nioEventLoopGroup-2-11] 03:10:310 481: onNext(Car(id=56, location=Location(longitude=40.740948, latitude=-73.988068)))
[task-38] 03:10:310 481: request(1)
[task-38] 03:10:310 481: onNext(Car(id=55, location=Location(longitude=40.740936, latitude=-73.987960)))
[task-38] 03:10:310 481: request(1)
[nioEventLoopGroup-2-11] 03:10:310 481: onNext(Car(id=57, location=Location(longitude=40.740900, latitude=-73.987952)))
[task-40] 03:10:310 481: request(1)
[task-40] 03:10:310 481: onNext(Car(id=59, location=Location(longitude=40.740832, latitude=-73.988048)))
[task-40] 03:10:310 481: request(1)
[nioEventLoopGroup-2-11] 03:10:310 481: onNext(Car(id=58, location=Location(longitude=40.740868, latitude=-73.987920)))
[task-33] 03:10:310 481: request(1)
[task-33] 03:10:310 481: onNext(Car(id=60, location=Location(longitude=40.740952, latitude=-73.988040)))
[task-33] 03:10:310 481: request(1)
[nioEventLoopGroup-2-11] 03:10:310 481: onNext(Car(id=61, location=Location(longitude=40.740932, latitude=-73.987928)))
[task-35] 03:10:310 481: request(1)
[task-35] 03:10:310 481: onNext(Car(id=62, location=Location(longitude=40.740844, latitude=-73.987972)))
[task-35] 03:10:310 481: request(1)
[nioEventLoopGroup-2-11] 03:10:310 481: onNext(Car(id=63, location=Location(longitude=40.740984, latitude=-73.988004)))
[task-37] 03:10:310 481: request(1)
[task-37] 03:10:310 481: onNext(Car(id=65, location=Location(longitude=40.740812, latitude=-73.987976)))
[task-37] 03:10:310 481: request(1)
[nioEventLoopGroup-2-11] 03:10:310 481: onNext(Car(id=64, location=Location(longitude=40.740932, latitude=-73.987988)))
[task-39] 03:10:310 481: request(1)
[task-39] 03:10:310 481: onNext(Car(id=66, location=Location(longitude=40.740964, latitude=-73.987940)))
[task-39] 03:10:310 481: request(1)
[nioEventLoopGroup-2-11] 03:10:310 481: onNext(Car(id=67, location=Location(longitude=40.740980, latitude=-73.988048)))
[task-33] 03:10:310 481: request(1)
[task-33] 03:10:310 481: onNext(Car(id=68, location=Location(longitude=40.740896, latitude=-73.988096)))
[task-33] 03:10:310 481: request(1)
[nioEventLoopGroup-2-11] 03:10:310 481: onNext(Car(id=69, location=Location(longitude=40.740900, latitude=-73.987992)))
[task-35] 03:10:310 481: request(1)
[task-35] 03:10:310 481: onNext(Car(id=70, location=Location(longitude=40.740924, latitude=-73.987988)))
[task-35] 03:10:310 481: request(1)
[nioEventLoopGroup-2-11] 03:10:310 481: onNext(Car(id=71, location=Location(longitude=40.740972, latitude=-73.988008)))
[task-38] 03:10:310 481: request(1)
[task-38] 03:10:310 481: onNext(Car(id=72, location=Location(longitude=40.740864, latitude=-73.987916)))
[task-38] 03:10:310 481: request(1)
[nioEventLoopGroup-2-11] 03:10:310 481: onNext(Car(id=73, location=Location(longitude=40.740996, latitude=-73.987972)))
[task-39] 03:10:310 481: request(1)
[task-39] 03:10:310 481: onNext(Car(id=74, location=Location(longitude=40.740876, latitude=-73.988048)))
[task-39] 03:10:310 481: request(1)
[nioEventLoopGroup-2-11] 03:10:310 481: onNext(Car(id=75, location=Location(longitude=40.740840, latitude=-73.988012)))
[task-34] 03:10:310 481: request(1)
[task-34] 03:10:310 481: onNext(Car(id=77, location=Location(longitude=40.740980, latitude=-73.987960)))
[task-34] 03:10:310 481: request(1)
[nioEventLoopGroup-2-11] 03:10:310 481: onNext(Car(id=76, location=Location(longitude=40.740836, latitude=-73.988068)))
[task-36] 03:10:310 481: request(1)
[task-36] 03:10:310 481: onNext(Car(id=78, location=Location(longitude=40.740912, latitude=-73.987984)))
[task-36] 03:10:310 481: request(1)
[nioEventLoopGroup-2-11] 03:10:310 481: onNext(Car(id=79, location=Location(longitude=40.740808, latitude=-73.987916)))
[task-37] 03:10:310 481: request(1)
[task-37] 03:10:310 481: onNext(Car(id=80, location=Location(longitude=40.740872, latitude=-73.987924)))
[task-37] 03:10:310 481: request(1)
[nioEventLoopGroup-2-11] 03:10:310 481: onNext(Car(id=81, location=Location(longitude=40.740884, latitude=-73.987924)))
[task-40] 03:10:310 481: request(1)
[task-40] 03:10:310 481: onNext(Car(id=82, location=Location(longitude=40.740940, latitude=-73.987940)))
[task-40] 03:10:310 481: request(1)
[nioEventLoopGroup-2-11] 03:10:310 481: onNext(Car(id=83, location=Location(longitude=40.740900, latitude=-73.987992)))
[task-34] 03:10:310 481: request(1)
[task-34] 03:10:310 481: onNext(Car(id=84, location=Location(longitude=40.740872, latitude=-73.988060)))
[task-34] 03:10:310 481: request(1)
[nioEventLoopGroup-2-11] 03:10:310 481: onNext(Car(id=86, location=Location(longitude=40.740940, latitude=-73.988036)))
[task-35] 03:10:310 481: request(1)
[task-35] 03:10:310 481: onNext(Car(id=85, location=Location(longitude=40.740844, latitude=-73.987924)))
[task-35] 03:10:310 481: request(1)
[nioEventLoopGroup-2-11] 03:10:310 481: onNext(Car(id=87, location=Location(longitude=40.740848, latitude=-73.987972)))
[task-37] 03:10:310 481: request(1)
[task-37] 03:10:310 481: onNext(Car(id=88, location=Location(longitude=40.740860, latitude=-73.987952)))
[task-37] 03:10:310 481: request(1)
[nioEventLoopGroup-2-11] 03:10:310 481: onNext(Car(id=89, location=Location(longitude=40.740964, latitude=-73.987960)))
[task-39] 03:10:310 481: request(1)
[task-39] 03:10:310 481: onNext(Car(id=90, location=Location(longitude=40.740908, latitude=-73.987968)))
[task-39] 03:10:310 481: request(1)
[nioEventLoopGroup-2-11] 03:10:310 481: onNext(Car(id=11, location=Location(longitude=40.740964, latitude=-73.987904)))
[task-33] 03:10:310 481: request(1)
[task-33] 03:10:310 481: onNext(Car(id=12, location=Location(longitude=40.740948, latitude=-73.987984)))
[task-33] 03:10:310 481: request(1)
[nioEventLoopGroup-2-11] 03:10:310 481: onNext(Car(id=91, location=Location(longitude=40.740956, latitude=-73.988016)))
[task-36] 03:10:310 481: request(1)
[task-36] 03:10:310 481: onNext(Car(id=93, location=Location(longitude=40.740872, latitude=-73.987940)))
[task-36] 03:10:310 481: request(1)
[nioEventLoopGroup-2-11] 03:10:310 481: onNext(Car(id=92, location=Location(longitude=40.740824, latitude=-73.988040)))
[task-38] 03:10:310 481: request(1)
[task-38] 03:10:310 481: onNext(Car(id=96, location=Location(longitude=40.740948, latitude=-73.987944)))
[task-38] 03:10:310 481: request(1)
[nioEventLoopGroup-2-11] 03:10:310 481: onNext(Car(id=97, location=Location(longitude=40.740844, latitude=-73.988076)))
[task-40] 03:10:310 481: request(1)
[task-40] 03:10:310 481: onNext(Car(id=98, location=Location(longitude=40.740984, latitude=-73.987964)))
[task-40] 03:10:310 481: request(1)
[nioEventLoopGroup-2-11] 03:10:310 481: onNext(Car(id=100, location=Location(longitude=40.740920, latitude=-73.988048)))
[task-34] 03:10:310 481: request(1)
[task-34] 03:10:310 481: onNext(Car(id=99, location=Location(longitude=40.740980, latitude=-73.987964)))
[task-34] 03:10:310 481: request(1)
[nioEventLoopGroup-2-11] 03:10:310 481: onNext(Car(id=94, location=Location(longitude=40.740992, latitude=-73.988040)))
[task-35] 03:10:310 481: request(1)
[task-35] 03:10:310 481: onNext(Car(id=95, location=Location(longitude=40.740976, latitude=-73.987912)))
[task-35] 03:10:310 481: request(1)
