[reactor-http-nio-4] 37:55:3755 HttpServerOperations: [d2a69954, L:/127.0.0.1:8081 - R:/127.0.0.1:54129] New http connection, requesting read
[reactor-http-nio-4] 37:55:3755 TransportConfig: [d2a69954, L:/127.0.0.1:8081 - R:/127.0.0.1:54129] Initialized pipeline DefaultChannelPipeline{(reactor.left.httpCodec = io.netty.handler.codec.http.HttpServerCodec), (reactor.left.httpTrafficHandler = reactor.netty.http.server.HttpTrafficHandler), (reactor.right.reactiveBridge = reactor.netty.channel.ChannelOperationsHandler)}
[reactor-http-nio-4] 37:55:3755 HttpServerOperations: [d2a69954, L:/127.0.0.1:8081 - R:/127.0.0.1:54129] Increasing pending responses, now 1
[reactor-http-nio-4] 37:55:3755 HttpServer: [d2a69954-1, L:/127.0.0.1:8081 - R:/127.0.0.1:54129] Handler is being applied: org.springframework.http.server.reactive.ReactorHttpHandlerAdapter@6dc3e52c
[reactor-http-nio-4] 37:55:3755 HttpWebHandlerAdapter: [d2a69954-3] HTTP GET "/cars/block"
[reactor-http-nio-4] 37:55:3755 RequestMappingHandlerMapping: [d2a69954-3] Mapped to me.zeroest.spring.reactive.car.location.controller.CarLocationController#getCarsBlock()
[reactor-http-nio-4] 37:55:3755 2: onSubscribe(FluxDelaySubscription.DelaySubscriptionOtherSubscriber)
[reactor-http-nio-4] 37:55:3755 2: request(unbounded)
[reactor-http-nio-4] 37:55:3755 HttpLogging: [d2a69954-3] Resolved [IllegalStateException: block()/blockFirst()/blockLast() are blocking, which is not supported in thread reactor-http-nio-4] for HTTP GET /cars/block
[reactor-http-nio-4] 37:55:3755 AbstractErrorWebExceptionHandler: [d2a69954-3]  500 Server Error for HTTP GET "/cars/block"
java.lang.IllegalStateException: block()/blockFirst()/blockLast() are blocking, which is not supported in thread reactor-http-nio-4
	at reactor.core.publisher.BlockingSingleSubscriber.blockingGet(BlockingSingleSubscriber.java:83)
	Suppressed: reactor.core.publisher.FluxOnAssembly$OnAssemblyException:
Error has been observed at the following site(s):
	*__checkpoint ⇢ HTTP GET "/cars/block" [ExceptionHandlingWebHandler]
Original Stack Trace:
		at reactor.core.publisher.BlockingSingleSubscriber.blockingGet(BlockingSingleSubscriber.java:83)
		at reactor.core.publisher.Flux.blockLast(Flux.java:2746)
		at me.zeroest.spring.reactive.car.location.controller.CarLocationController.getCarsBlock(CarLocationController.kt:25)
		at java.base/jdk.internal.reflect.NativeMethodAccessorImpl.invoke0(Native Method)
		at java.base/jdk.internal.reflect.NativeMethodAccessorImpl.invoke(NativeMethodAccessorImpl.java:77)
		at java.base/jdk.internal.reflect.DelegatingMethodAccessorImpl.invoke(DelegatingMethodAccessorImpl.java:43)
		at java.base/java.lang.reflect.Method.invoke(Method.java:568)
		at org.springframework.web.reactive.result.method.InvocableHandlerMethod.lambda$invoke$0(InvocableHandlerMethod.java:145)
		at reactor.core.publisher.FluxFlatMap.trySubscribeScalarMap(FluxFlatMap.java:152)
		at reactor.core.publisher.MonoFlatMap.subscribeOrReturn(MonoFlatMap.java:53)
		at reactor.core.publisher.InternalMonoOperator.subscribe(InternalMonoOperator.java:57)
		at reactor.core.publisher.MonoDefer.subscribe(MonoDefer.java:52)
		at reactor.core.publisher.MonoIgnoreThen$ThenIgnoreMain.subscribeNext(MonoIgnoreThen.java:240)
		at reactor.core.publisher.MonoIgnoreThen$ThenIgnoreMain.onComplete(MonoIgnoreThen.java:203)
		at reactor.core.publisher.MonoFlatMap$FlatMapMain.onComplete(MonoFlatMap.java:189)
		at reactor.core.publisher.Operators.complete(Operators.java:137)
		at reactor.core.publisher.MonoZip.subscribe(MonoZip.java:121)
		at reactor.core.publisher.Mono.subscribe(Mono.java:4444)
		at reactor.core.publisher.MonoIgnoreThen$ThenIgnoreMain.subscribeNext(MonoIgnoreThen.java:263)
		at reactor.core.publisher.MonoIgnoreThen.subscribe(MonoIgnoreThen.java:51)
		at reactor.core.publisher.InternalMonoOperator.subscribe(InternalMonoOperator.java:64)
		at reactor.core.publisher.MonoFlatMap$FlatMapMain.onNext(MonoFlatMap.java:165)
		at reactor.core.publisher.FluxOnErrorResume$ResumeSubscriber.onNext(FluxOnErrorResume.java:79)
		at reactor.core.publisher.FluxSwitchIfEmpty$SwitchIfEmptySubscriber.onNext(FluxSwitchIfEmpty.java:74)
		at reactor.core.publisher.MonoNext$NextSubscriber.onNext(MonoNext.java:82)
		at reactor.core.publisher.FluxConcatMapNoPrefetch$FluxConcatMapNoPrefetchSubscriber.innerNext(FluxConcatMapNoPrefetch.java:258)
		at reactor.core.publisher.FluxConcatMap$ConcatMapInner.onNext(FluxConcatMap.java:863)
		at reactor.core.publisher.FluxMapFuseable$MapFuseableSubscriber.onNext(FluxMapFuseable.java:129)
		at reactor.core.publisher.MonoPeekTerminal$MonoTerminalPeekSubscriber.onNext(MonoPeekTerminal.java:180)
		at reactor.core.publisher.Operators$ScalarSubscription.request(Operators.java:2545)
		at reactor.core.publisher.MonoPeekTerminal$MonoTerminalPeekSubscriber.request(MonoPeekTerminal.java:139)
		at reactor.core.publisher.FluxMapFuseable$MapFuseableSubscriber.request(FluxMapFuseable.java:171)
		at reactor.core.publisher.Operators$MultiSubscriptionSubscriber.request(Operators.java:2305)
		at reactor.core.publisher.FluxConcatMapNoPrefetch$FluxConcatMapNoPrefetchSubscriber.request(FluxConcatMapNoPrefetch.java:338)
		at reactor.core.publisher.MonoNext$NextSubscriber.request(MonoNext.java:108)
		at reactor.core.publisher.Operators$MultiSubscriptionSubscriber.set(Operators.java:2341)
		at reactor.core.publisher.Operators$MultiSubscriptionSubscriber.onSubscribe(Operators.java:2215)
		at reactor.core.publisher.MonoNext$NextSubscriber.onSubscribe(MonoNext.java:70)
		at reactor.core.publisher.FluxConcatMapNoPrefetch$FluxConcatMapNoPrefetchSubscriber.onSubscribe(FluxConcatMapNoPrefetch.java:164)
		at reactor.core.publisher.FluxIterable.subscribe(FluxIterable.java:201)
		at reactor.core.publisher.FluxIterable.subscribe(FluxIterable.java:83)
		at reactor.core.publisher.InternalMonoOperator.subscribe(InternalMonoOperator.java:64)
		at reactor.core.publisher.MonoDefer.subscribe(MonoDefer.java:52)
		at reactor.core.publisher.Mono.subscribe(Mono.java:4444)
		at reactor.core.publisher.MonoIgnoreThen$ThenIgnoreMain.subscribeNext(MonoIgnoreThen.java:263)
		at reactor.core.publisher.MonoIgnoreThen.subscribe(MonoIgnoreThen.java:51)
		at reactor.core.publisher.InternalMonoOperator.subscribe(InternalMonoOperator.java:64)
		at reactor.core.publisher.MonoDeferContextual.subscribe(MonoDeferContextual.java:55)
		at reactor.netty.http.server.HttpServer$HttpServerHandle.onStateChange(HttpServer.java:1006)
		at reactor.netty.ReactorNetty$CompositeConnectionObserver.onStateChange(ReactorNetty.java:705)
		at reactor.netty.transport.ServerTransport$ChildObserver.onStateChange(ServerTransport.java:477)
		at reactor.netty.http.server.HttpServerOperations.onInboundNext(HttpServerOperations.java:591)
		at reactor.netty.channel.ChannelOperationsHandler.channelRead(ChannelOperationsHandler.java:113)
		at io.netty.channel.AbstractChannelHandlerContext.invokeChannelRead(AbstractChannelHandlerContext.java:444)
		at io.netty.channel.AbstractChannelHandlerContext.invokeChannelRead(AbstractChannelHandlerContext.java:420)
		at io.netty.channel.AbstractChannelHandlerContext.fireChannelRead(AbstractChannelHandlerContext.java:412)
		at reactor.netty.http.server.HttpTrafficHandler.channelRead(HttpTrafficHandler.java:223)
		at io.netty.channel.AbstractChannelHandlerContext.invokeChannelRead(AbstractChannelHandlerContext.java:442)
		at io.netty.channel.AbstractChannelHandlerContext.invokeChannelRead(AbstractChannelHandlerContext.java:420)
		at io.netty.channel.AbstractChannelHandlerContext.fireChannelRead(AbstractChannelHandlerContext.java:412)
		at io.netty.channel.CombinedChannelDuplexHandler$DelegatingChannelHandlerContext.fireChannelRead(CombinedChannelDuplexHandler.java:436)
		at io.netty.handler.codec.ByteToMessageDecoder.fireChannelRead(ByteToMessageDecoder.java:346)
		at io.netty.handler.codec.ByteToMessageDecoder.channelRead(ByteToMessageDecoder.java:318)
		at io.netty.channel.CombinedChannelDuplexHandler.channelRead(CombinedChannelDuplexHandler.java:251)
		at io.netty.channel.AbstractChannelHandlerContext.invokeChannelRead(AbstractChannelHandlerContext.java:442)
		at io.netty.channel.AbstractChannelHandlerContext.invokeChannelRead(AbstractChannelHandlerContext.java:420)
		at io.netty.channel.AbstractChannelHandlerContext.fireChannelRead(AbstractChannelHandlerContext.java:412)
		at io.netty.channel.DefaultChannelPipeline$HeadContext.channelRead(DefaultChannelPipeline.java:1410)
		at io.netty.channel.AbstractChannelHandlerContext.invokeChannelRead(AbstractChannelHandlerContext.java:440)
		at io.netty.channel.AbstractChannelHandlerContext.invokeChannelRead(AbstractChannelHandlerContext.java:420)
		at io.netty.channel.DefaultChannelPipeline.fireChannelRead(DefaultChannelPipeline.java:919)
		at io.netty.channel.nio.AbstractNioByteChannel$NioByteUnsafe.read(AbstractNioByteChannel.java:166)
		at io.netty.channel.nio.NioEventLoop.processSelectedKey(NioEventLoop.java:788)
		at io.netty.channel.nio.NioEventLoop.processSelectedKeysOptimized(NioEventLoop.java:724)
		at io.netty.channel.nio.NioEventLoop.processSelectedKeys(NioEventLoop.java:650)
		at io.netty.channel.nio.NioEventLoop.run(NioEventLoop.java:562)
		at io.netty.util.concurrent.SingleThreadEventExecutor$4.run(SingleThreadEventExecutor.java:997)
		at io.netty.util.internal.ThreadExecutorMap$2.run(ThreadExecutorMap.java:74)
		at io.netty.util.concurrent.FastThreadLocalRunnable.run(FastThreadLocalRunnable.java:30)
		at java.base/java.lang.Thread.run(Thread.java:833)
[reactor-http-nio-4] 37:55:3755 HttpLogging: [d2a69954-3] Encoding [{timestamp=Sun Jan 08 23:37:55 KST 2023, path=/cars/block, status=500, error=Internal Server Error,  (truncated)...]
[reactor-http-nio-4] 37:55:3755 HttpServerOperations: [d2a69954-1, L:/127.0.0.1:8081 - R:/127.0.0.1:54129] Decreasing pending responses, now 0
[reactor-http-nio-4] 37:55:3755 HttpServerOperations: [d2a69954-1, L:/127.0.0.1:8081 - R:/127.0.0.1:54129] Last HTTP packet was sent, terminating the channel
[reactor-http-nio-4] 37:55:3755 HttpWebHandlerAdapter: [d2a69954-3] Completed 500 INTERNAL_SERVER_ERROR
[reactor-http-nio-4] 37:55:3755 HttpServerOperations: [d2a69954-1, L:/127.0.0.1:8081 - R:/127.0.0.1:54129] Last HTTP response frame
[reactor-http-nio-3] 37:55:3755 ServerTransport: [28f3477e, L:/127.0.0.1:8081 - R:/127.0.0.1:54127] onUncaughtException(SimpleConnection{channel=[id: 0x28f3477e, L:/127.0.0.1:8081 - R:/127.0.0.1:54127]})
java.net.SocketException: Connection reset
	at java.base/sun.nio.ch.SocketChannelImpl.throwConnectionReset(SocketChannelImpl.java:394)
	at java.base/sun.nio.ch.SocketChannelImpl.read(SocketChannelImpl.java:426)
	at io.netty.buffer.PooledByteBuf.setBytes(PooledByteBuf.java:259)
	at io.netty.buffer.AbstractByteBuf.writeBytes(AbstractByteBuf.java:1132)
	at io.netty.channel.socket.nio.NioSocketChannel.doReadBytes(NioSocketChannel.java:357)
	at io.netty.channel.nio.AbstractNioByteChannel$NioByteUnsafe.read(AbstractNioByteChannel.java:151)
	at io.netty.channel.nio.NioEventLoop.processSelectedKey(NioEventLoop.java:788)
	at io.netty.channel.nio.NioEventLoop.processSelectedKeysOptimized(NioEventLoop.java:724)
	at io.netty.channel.nio.NioEventLoop.processSelectedKeys(NioEventLoop.java:650)
	at io.netty.channel.nio.NioEventLoop.run(NioEventLoop.java:562)
	at io.netty.util.concurrent.SingleThreadEventExecutor$4.run(SingleThreadEventExecutor.java:997)
	at io.netty.util.internal.ThreadExecutorMap$2.run(ThreadExecutorMap.java:74)
	at io.netty.util.concurrent.FastThreadLocalRunnable.run(FastThreadLocalRunnable.java:30)
	at java.base/java.lang.Thread.run(Thread.java:833)
[nioEventLoopGroup-3-8] 37:58:3758 2: onNext(Car(id=1, location=Location(longitude=40.740944, latitude=-73.987948)))
[nioEventLoopGroup-3-8] 37:58:3758 2: onNext(Car(id=4, location=Location(longitude=40.740892, latitude=-73.987996)))
[nioEventLoopGroup-3-8] 37:58:3758 2: onNext(Car(id=2, location=Location(longitude=40.740852, latitude=-73.987904)))
[nioEventLoopGroup-3-8] 37:58:3758 2: onNext(Car(id=3, location=Location(longitude=40.740868, latitude=-73.988072)))
[nioEventLoopGroup-3-8] 37:58:3758 2: onNext(Car(id=7, location=Location(longitude=40.740924, latitude=-73.988076)))
[nioEventLoopGroup-3-8] 37:58:3758 2: onNext(Car(id=8, location=Location(longitude=40.740968, latitude=-73.987960)))
[nioEventLoopGroup-3-8] 37:58:3758 2: onNext(Car(id=9, location=Location(longitude=40.740940, latitude=-73.988004)))
[nioEventLoopGroup-3-8] 37:58:3758 2: onNext(Car(id=10, location=Location(longitude=40.740936, latitude=-73.988084)))
[nioEventLoopGroup-3-8] 37:58:3758 2: onNext(Car(id=11, location=Location(longitude=40.740832, latitude=-73.988096)))
[nioEventLoopGroup-3-8] 37:58:3758 2: onNext(Car(id=12, location=Location(longitude=40.740976, latitude=-73.988040)))
[nioEventLoopGroup-3-8] 37:58:3758 2: onNext(Car(id=13, location=Location(longitude=40.740968, latitude=-73.987968)))
[nioEventLoopGroup-3-8] 37:58:3758 2: onNext(Car(id=14, location=Location(longitude=40.740984, latitude=-73.987964)))
[nioEventLoopGroup-3-8] 37:58:3758 2: onNext(Car(id=16, location=Location(longitude=40.740932, latitude=-73.987912)))
[nioEventLoopGroup-3-8] 37:58:3758 2: onNext(Car(id=15, location=Location(longitude=40.740832, latitude=-73.987908)))
[nioEventLoopGroup-3-8] 37:58:3758 2: onNext(Car(id=17, location=Location(longitude=40.740876, latitude=-73.987956)))
[nioEventLoopGroup-3-8] 37:58:3758 2: onNext(Car(id=18, location=Location(longitude=40.740956, latitude=-73.987916)))
[nioEventLoopGroup-3-8] 37:58:3758 2: onNext(Car(id=19, location=Location(longitude=40.740936, latitude=-73.988076)))
[nioEventLoopGroup-3-8] 37:58:3758 2: onNext(Car(id=20, location=Location(longitude=40.740836, latitude=-73.987932)))
[nioEventLoopGroup-3-8] 37:58:3758 2: onNext(Car(id=22, location=Location(longitude=40.740944, latitude=-73.987964)))
[nioEventLoopGroup-3-8] 37:58:3758 2: onNext(Car(id=21, location=Location(longitude=40.740844, latitude=-73.988072)))
[nioEventLoopGroup-3-8] 37:58:3758 2: onNext(Car(id=24, location=Location(longitude=40.740940, latitude=-73.987956)))
[nioEventLoopGroup-3-8] 37:58:3758 2: onNext(Car(id=23, location=Location(longitude=40.740880, latitude=-73.987948)))
[nioEventLoopGroup-3-8] 37:58:3758 2: onNext(Car(id=25, location=Location(longitude=40.740976, latitude=-73.987996)))
[nioEventLoopGroup-3-8] 37:58:3758 2: onNext(Car(id=26, location=Location(longitude=40.740816, latitude=-73.987936)))
[nioEventLoopGroup-3-8] 37:58:3758 2: onNext(Car(id=27, location=Location(longitude=40.740948, latitude=-73.987912)))
[nioEventLoopGroup-3-8] 37:58:3758 2: onNext(Car(id=28, location=Location(longitude=40.740940, latitude=-73.987944)))
[nioEventLoopGroup-3-8] 37:58:3758 2: onNext(Car(id=29, location=Location(longitude=40.740832, latitude=-73.987928)))
[nioEventLoopGroup-3-8] 37:58:3758 2: onNext(Car(id=30, location=Location(longitude=40.740808, latitude=-73.987976)))
[nioEventLoopGroup-3-8] 37:58:3758 2: onNext(Car(id=31, location=Location(longitude=40.740956, latitude=-73.988012)))
[nioEventLoopGroup-3-8] 37:58:3758 2: onNext(Car(id=32, location=Location(longitude=40.740880, latitude=-73.988064)))
[nioEventLoopGroup-3-8] 37:58:3758 2: onNext(Car(id=33, location=Location(longitude=40.740904, latitude=-73.988044)))
[nioEventLoopGroup-3-8] 37:58:3758 2: onNext(Car(id=34, location=Location(longitude=40.740900, latitude=-73.987972)))
[nioEventLoopGroup-3-8] 37:58:3758 2: onNext(Car(id=35, location=Location(longitude=40.740912, latitude=-73.987924)))
[nioEventLoopGroup-3-8] 37:58:3758 2: onNext(Car(id=36, location=Location(longitude=40.740812, latitude=-73.987940)))
[nioEventLoopGroup-3-8] 37:58:3758 2: onNext(Car(id=37, location=Location(longitude=40.740848, latitude=-73.987988)))
[nioEventLoopGroup-3-8] 37:58:3758 2: onNext(Car(id=38, location=Location(longitude=40.740976, latitude=-73.987968)))
[nioEventLoopGroup-3-8] 37:58:3758 2: onNext(Car(id=39, location=Location(longitude=40.740944, latitude=-73.988008)))
[nioEventLoopGroup-3-8] 37:58:3758 2: onNext(Car(id=40, location=Location(longitude=40.740856, latitude=-73.987984)))
[nioEventLoopGroup-3-8] 37:58:3758 2: onNext(Car(id=41, location=Location(longitude=40.740888, latitude=-73.988008)))
[nioEventLoopGroup-3-8] 37:58:3758 2: onNext(Car(id=42, location=Location(longitude=40.740900, latitude=-73.987956)))
[nioEventLoopGroup-3-8] 37:58:3758 2: onNext(Car(id=44, location=Location(longitude=40.740832, latitude=-73.987904)))
[nioEventLoopGroup-3-8] 37:58:3758 2: onNext(Car(id=43, location=Location(longitude=40.740840, latitude=-73.987972)))
[nioEventLoopGroup-3-8] 37:58:3758 2: onNext(Car(id=45, location=Location(longitude=40.740944, latitude=-73.987924)))
[nioEventLoopGroup-3-8] 37:58:3758 2: onNext(Car(id=47, location=Location(longitude=40.740988, latitude=-73.987972)))
[nioEventLoopGroup-3-8] 37:58:3758 2: onNext(Car(id=46, location=Location(longitude=40.740844, latitude=-73.988000)))
[nioEventLoopGroup-3-8] 37:58:3758 2: onNext(Car(id=48, location=Location(longitude=40.740992, latitude=-73.988008)))
[nioEventLoopGroup-3-8] 37:58:3758 2: onNext(Car(id=49, location=Location(longitude=40.740976, latitude=-73.988044)))
[nioEventLoopGroup-3-8] 37:58:3758 2: onNext(Car(id=50, location=Location(longitude=40.740820, latitude=-73.987924)))
[nioEventLoopGroup-3-8] 37:58:3758 2: onNext(Car(id=51, location=Location(longitude=40.740940, latitude=-73.987996)))
[nioEventLoopGroup-3-8] 37:58:3758 2: onNext(Car(id=52, location=Location(longitude=40.740812, latitude=-73.987944)))
[nioEventLoopGroup-3-8] 37:58:3758 2: onNext(Car(id=53, location=Location(longitude=40.740920, latitude=-73.987976)))
[nioEventLoopGroup-3-8] 37:58:3758 2: onNext(Car(id=54, location=Location(longitude=40.740984, latitude=-73.987996)))
[nioEventLoopGroup-3-8] 37:58:3758 2: onNext(Car(id=55, location=Location(longitude=40.740960, latitude=-73.988012)))
[nioEventLoopGroup-3-8] 37:58:3758 2: onNext(Car(id=56, location=Location(longitude=40.740972, latitude=-73.987932)))
[nioEventLoopGroup-3-8] 37:58:3758 2: onNext(Car(id=57, location=Location(longitude=40.740908, latitude=-73.988020)))
[nioEventLoopGroup-3-8] 37:58:3758 2: onNext(Car(id=58, location=Location(longitude=40.740976, latitude=-73.988052)))
[nioEventLoopGroup-3-8] 37:58:3758 2: onNext(Car(id=59, location=Location(longitude=40.740980, latitude=-73.988000)))
[nioEventLoopGroup-3-8] 37:58:3758 2: onNext(Car(id=60, location=Location(longitude=40.740924, latitude=-73.987928)))
[nioEventLoopGroup-3-8] 37:58:3758 2: onNext(Car(id=61, location=Location(longitude=40.740860, latitude=-73.988012)))
[nioEventLoopGroup-3-8] 37:58:3758 2: onNext(Car(id=62, location=Location(longitude=40.740976, latitude=-73.987988)))
[nioEventLoopGroup-3-8] 37:58:3758 2: onNext(Car(id=63, location=Location(longitude=40.740808, latitude=-73.988096)))
[nioEventLoopGroup-3-8] 37:58:3758 2: onNext(Car(id=64, location=Location(longitude=40.740964, latitude=-73.987961)))
[nioEventLoopGroup-3-8] 37:58:3758 2: onNext(Car(id=65, location=Location(longitude=40.740888, latitude=-73.988048)))
[nioEventLoopGroup-3-8] 37:58:3758 2: onNext(Car(id=5, location=Location(longitude=40.740860, latitude=-73.987952)))
[nioEventLoopGroup-3-8] 37:58:3758 2: onNext(Car(id=6, location=Location(longitude=40.740992, latitude=-73.987944)))
[nioEventLoopGroup-3-8] 37:58:3758 2: onNext(Car(id=66, location=Location(longitude=40.740876, latitude=-73.987936)))
[nioEventLoopGroup-3-8] 37:58:3758 2: onNext(Car(id=68, location=Location(longitude=40.740844, latitude=-73.988040)))
[nioEventLoopGroup-3-8] 37:58:3758 2: onNext(Car(id=70, location=Location(longitude=40.740944, latitude=-73.987940)))
[nioEventLoopGroup-3-8] 37:58:3758 2: onNext(Car(id=71, location=Location(longitude=40.740836, latitude=-73.987932)))
[nioEventLoopGroup-3-8] 37:58:3758 2: onNext(Car(id=72, location=Location(longitude=40.740868, latitude=-73.987988)))
[nioEventLoopGroup-3-8] 37:58:3758 2: onNext(Car(id=73, location=Location(longitude=40.740880, latitude=-73.988092)))
[nioEventLoopGroup-3-8] 37:58:3758 2: onNext(Car(id=74, location=Location(longitude=40.740832, latitude=-73.988076)))
[nioEventLoopGroup-3-8] 37:58:3758 2: onNext(Car(id=75, location=Location(longitude=40.740876, latitude=-73.988004)))
[nioEventLoopGroup-3-8] 37:58:3758 2: onNext(Car(id=76, location=Location(longitude=40.740936, latitude=-73.988060)))
[nioEventLoopGroup-3-8] 37:58:3758 2: onNext(Car(id=77, location=Location(longitude=40.740848, latitude=-73.988076)))
[nioEventLoopGroup-3-8] 37:58:3758 2: onNext(Car(id=79, location=Location(longitude=40.740916, latitude=-73.987916)))
[nioEventLoopGroup-3-8] 37:58:3758 2: onNext(Car(id=78, location=Location(longitude=40.740980, latitude=-73.988088)))
[nioEventLoopGroup-3-8] 37:58:3758 2: onNext(Car(id=81, location=Location(longitude=40.740896, latitude=-73.987908)))
[nioEventLoopGroup-3-8] 37:58:3758 2: onNext(Car(id=80, location=Location(longitude=40.740980, latitude=-73.988088)))
[nioEventLoopGroup-3-8] 37:58:3758 2: onNext(Car(id=82, location=Location(longitude=40.740888, latitude=-73.987984)))
[nioEventLoopGroup-3-8] 37:58:3758 2: onNext(Car(id=83, location=Location(longitude=40.740900, latitude=-73.987996)))
[nioEventLoopGroup-3-8] 37:58:3758 2: onNext(Car(id=84, location=Location(longitude=40.740944, latitude=-73.988080)))
[nioEventLoopGroup-3-8] 37:58:3758 2: onNext(Car(id=85, location=Location(longitude=40.740972, latitude=-73.987936)))
[nioEventLoopGroup-3-8] 37:58:3758 2: onNext(Car(id=86, location=Location(longitude=40.740940, latitude=-73.988004)))
[nioEventLoopGroup-3-8] 37:58:3758 2: onNext(Car(id=88, location=Location(longitude=40.740956, latitude=-73.987988)))
[nioEventLoopGroup-3-8] 37:58:3758 2: onNext(Car(id=89, location=Location(longitude=40.740936, latitude=-73.987988)))
[nioEventLoopGroup-3-8] 37:58:3758 2: onNext(Car(id=87, location=Location(longitude=40.740880, latitude=-73.987984)))
[nioEventLoopGroup-3-8] 37:58:3758 2: onNext(Car(id=90, location=Location(longitude=40.740924, latitude=-73.987932)))
[nioEventLoopGroup-3-8] 37:58:3758 2: onNext(Car(id=91, location=Location(longitude=40.740852, latitude=-73.988076)))
[nioEventLoopGroup-3-8] 37:58:3758 2: onNext(Car(id=93, location=Location(longitude=40.740948, latitude=-73.987972)))
[nioEventLoopGroup-3-8] 37:58:3758 2: onNext(Car(id=94, location=Location(longitude=40.740992, latitude=-73.987908)))
[nioEventLoopGroup-3-8] 37:58:3758 2: onNext(Car(id=92, location=Location(longitude=40.740892, latitude=-73.988036)))
[nioEventLoopGroup-3-8] 37:58:3758 2: onNext(Car(id=95, location=Location(longitude=40.740816, latitude=-73.988096)))
[nioEventLoopGroup-3-8] 37:58:3758 2: onNext(Car(id=96, location=Location(longitude=40.740960, latitude=-73.988000)))
[nioEventLoopGroup-3-8] 37:58:3758 2: onNext(Car(id=97, location=Location(longitude=40.740904, latitude=-73.987920)))
[nioEventLoopGroup-3-8] 37:58:3758 2: onNext(Car(id=100, location=Location(longitude=40.740812, latitude=-73.988052)))
[nioEventLoopGroup-3-8] 37:58:3758 2: onNext(Car(id=99, location=Location(longitude=40.740924, latitude=-73.987940)))
[nioEventLoopGroup-3-8] 37:58:3758 2: onNext(Car(id=98, location=Location(longitude=40.740864, latitude=-73.988012)))
[nioEventLoopGroup-3-8] 37:58:3758 2: onNext(Car(id=69, location=Location(longitude=40.740824, latitude=-73.987948)))
[nioEventLoopGroup-3-8] 37:58:3758 2: onNext(Car(id=67, location=Location(longitude=40.740812, latitude=-73.987964)))
[nioEventLoopGroup-3-8] 37:58:3758 2: onComplete()
